<?xml version="1.0" encoding="UTF-8"?>
<!-- Generated by org.testng.reporters.JUnitReportReporter -->
<testsuite hostname="DESKTOP-RT4D28D" failures="0" tests="3" name="testng7.HelloWorld1" time="0.270" errors="0" timestamp="2020-11-13T15:22:56 GMT" skipped="0">
  <testcase classname="testng7.HelloWorld1" name="createHelloWorld1_1" time="0.090"/>
  <system-out/>
  <testcase classname="testng7.HelloWorld1" name="printHelloWorld1_2" time="0.068"/>
  <system-out/>
  <testcase classname="testng7.HelloWorld1" name="printHelloWorld1_1" time="0.112"/>
  <system-out/>
</testsuite> <!-- testng7.HelloWorld1 -->
