<?xml version="1.0" encoding="UTF-8"?>
<!-- Generated by org.testng.reporters.JUnitReportReporter -->
<testsuite hostname="DESKTOP-RT4D28D" failures="0" tests="3" name="testng5.HelloWorld1" time="0.161" errors="0" timestamp="2020-11-13T08:21:39 GMT" skipped="0">
  <testcase classname="testng5.HelloWorld1" name="createHelloWorld1_1" time="0.132"/>
  <system-out/>
  <testcase classname="testng5.HelloWorld1" name="printHelloWorld1_1" time="0.022"/>
  <system-out/>
  <testcase classname="testng5.HelloWorld1" name="printHelloWorld1_2" time="0.007"/>
  <system-out/>
</testsuite> <!-- testng5.HelloWorld1 -->
