<?xml version="1.0" encoding="UTF-8"?>
<!-- Generated by org.testng.reporters.JUnitReportReporter -->
<testsuite hostname="DESKTOP-RT4D28D" failures="0" tests="2" name="testng4.HelloWorld3" time="0.060" errors="0" timestamp="2020-11-13T00:46:19 GMT" skipped="0">
  <testcase classname="testng4.HelloWorld3" name="printHelloWorld3_2" time="0.033"/>
  <system-out/>
  <testcase classname="testng4.HelloWorld3" name="printHelloWorld3_1" time="0.027"/>
  <system-out/>
</testsuite> <!-- testng4.HelloWorld3 -->
