<?xml version="1.0" encoding="UTF-8"?>
<!-- Generated by org.testng.reporters.JUnitReportReporter -->
<testsuite hostname="DESKTOP-RT4D28D" failures="0" tests="5" name="testng11.ParallelTest3" time="5.458" errors="0" timestamp="2020-11-14T17:50:41 GMT" skipped="0">
  <testcase classname="testng11.ParallelTest3" name="test2" time="1.040"/>
  <system-out/>
  <testcase classname="testng11.ParallelTest3" name="test3" time="1.061"/>
  <system-out/>
  <testcase classname="testng11.ParallelTest3" name="test1" time="1.258"/>
  <system-out/>
  <testcase classname="testng11.ParallelTest3" name="test4" time="1.035"/>
  <system-out/>
  <testcase classname="testng11.ParallelTest3" name="test5" time="1.064"/>
  <system-out/>
</testsuite> <!-- testng11.ParallelTest3 -->
