<?xml version="1.0" encoding="UTF-8"?>
<!-- Generated by org.testng.reporters.JUnitReportReporter -->
<testsuite hostname="DESKTOP-RT4D28D" failures="0" tests="3" name="testng1.HelloWorld1" time="0.217" errors="0" timestamp="2020-11-27T22:58:07 GMT" skipped="0">
  <testcase classname="testng1.HelloWorld1" name="createHelloWorld1_1" time="0.112"/>
  <system-out/>
  <testcase classname="testng1.HelloWorld1" name="printHelloWorld1_2" time="0.068"/>
  <system-out/>
  <testcase classname="testng1.HelloWorld1" name="printHelloWorld1_1" time="0.037"/>
  <system-out/>
</testsuite> <!-- testng1.HelloWorld1 -->
