<?xml version="1.0" encoding="UTF-8"?>
<!-- Generated by org.testng.reporters.JUnitReportReporter -->
<testsuite hostname="DESKTOP-RT4D28D" failures="0" tests="2" name="testng7.HelloWorld2" time="0.098" errors="0" timestamp="2020-11-13T10:24:21 GMT" skipped="0">
  <testcase classname="testng7.HelloWorld2" name="createHelloWorld2_1" time="0.055"/>
  <system-out/>
  <testcase classname="testng7.HelloWorld2" name="printHelloWorld2_1" time="0.043"/>
  <system-out/>
</testsuite> <!-- testng7.HelloWorld2 -->
