<?xml version="1.0" encoding="UTF-8"?>
<!-- Generated by org.testng.reporters.JUnitReportReporter -->
<testsuite hostname="DESKTOP-RT4D28D" failures="0" tests="3" name="testng9.PrintParams1" time="0.170" errors="0" timestamp="2020-11-14T01:24:47 GMT" skipped="0">
  <testcase classname="testng9.PrintParams1" name="pParams1" time="0.104"/>
  <system-out/>
  <testcase classname="testng9.PrintParams1" name="pParams1" time="0.007"/>
  <system-out/>
  <testcase classname="testng9.PrintParams1" name="pParams1" time="0.059"/>
  <system-out/>
</testsuite> <!-- testng9.PrintParams1 -->
