<?xml version="1.0" encoding="UTF-8"?>
<!-- Generated by org.testng.reporters.JUnitReportReporter -->
<testsuite hostname="DESKTOP-RT4D28D" failures="0" tests="1" name="testng6.HelloWorld4" time="0.019" errors="0" timestamp="2020-11-13T08:21:39 GMT" skipped="0">
  <testcase classname="testng6.HelloWorld4" name="printHelloWorld4_1" time="0.019"/>
  <system-out/>
</testsuite> <!-- testng6.HelloWorld4 -->
