<?xml version="1.0" encoding="UTF-8"?>
<!-- Generated by org.testng.reporters.JUnitReportReporter -->
<testsuite hostname="DESKTOP-RT4D28D" failures="0" tests="2" name="testng4.HelloWorld4" time="0.060" errors="0" timestamp="2020-11-13T00:46:20 GMT" skipped="0">
  <testcase classname="testng4.HelloWorld4" name="printHelloWorld4_1" time="0.051"/>
  <system-out/>
  <testcase classname="testng4.HelloWorld4" name="createHelloWorld4_1" time="0.009"/>
  <system-out/>
</testsuite> <!-- testng4.HelloWorld4 -->
