<?xml version="1.0" encoding="UTF-8"?>
<!-- Generated by org.testng.reporters.JUnitReportReporter -->
<testsuite hostname="DESKTOP-RT4D28D" failures="0" tests="4" name="testng3.HelloWorld1" time="0.180" errors="0" timestamp="2020-11-13T00:46:20 GMT" skipped="0">
  <testcase classname="testng3.HelloWorld1" name="createHelloWorld1_1" time="0.059"/>
  <system-out/>
  <testcase classname="testng3.HelloWorld1" name="createHelloWorld1_1" time="0.026"/>
  <system-out/>
  <testcase classname="testng3.HelloWorld1" name="printHelloWorld1_1" time="0.039"/>
  <system-out/>
  <testcase classname="testng3.HelloWorld1" name="printHelloWorld1_2" time="0.056"/>
  <system-out/>
</testsuite> <!-- testng3.HelloWorld1 -->
