<?xml version="1.0" encoding="UTF-8"?>
<!-- Generated by org.testng.reporters.JUnitReportReporter -->
<testsuite hostname="DESKTOP-RT4D28D" failures="0" tests="2" name="testng1.HelloWorld2" time="0.032" errors="0" timestamp="2020-11-13T08:30:54 GMT" skipped="0">
  <testcase classname="testng1.HelloWorld2" name="printHelloWorld2_1" time="0.023"/>
  <system-out/>
  <testcase classname="testng1.HelloWorld2" name="createHelloWorld2_1" time="0.009"/>
  <system-out/>
</testsuite> <!-- testng1.HelloWorld2 -->
