<?xml version="1.0" encoding="UTF-8"?>
<!-- Generated by org.testng.reporters.JUnitReportReporter -->
<testsuite hostname="DESKTOP-RT4D28D" failures="0" tests="2" name="testng2.HelloWorld4" time="0.036" errors="0" timestamp="2020-11-13T08:30:54 GMT" skipped="0">
  <testcase classname="testng2.HelloWorld4" name="createHelloWorld4_1" time="0.023"/>
  <system-out/>
  <testcase classname="testng2.HelloWorld4" name="printHelloWorld4_1" time="0.013"/>
  <system-out/>
</testsuite> <!-- testng2.HelloWorld4 -->
