<?xml version="1.0" encoding="UTF-8"?>
<!-- Generated by org.testng.reporters.JUnitReportReporter -->
<testsuite hostname="DESKTOP-RT4D28D" failures="0" tests="1" name="testng2.HelloWorld6" time="0.023" errors="0" timestamp="2020-11-02T07:42:50 GMT" skipped="0">
  <testcase classname="testng2.HelloWorld6" name="printHelloWorld6" time="0.023"/>
  <system-out/>
</testsuite> <!-- testng2.HelloWorld6 -->
