<?xml version="1.0" encoding="UTF-8"?>
<!-- Generated by org.testng.reporters.JUnitReportReporter -->
<testsuite hostname="DESKTOP-RT4D28D" failures="0" tests="5" name="testng8.HelloWorld3" time="0.491" errors="0" timestamp="2020-11-13T15:22:56 GMT" skipped="0">
  <testcase classname="testng8.HelloWorld3" name="printHelloWorld3_2" time="0.037"/>
  <system-out/>
  <testcase classname="testng8.HelloWorld3" name="printHelloWorld3_2" time="0.188"/>
  <system-out/>
  <testcase classname="testng8.HelloWorld3" name="printHelloWorld3_1" time="0.128"/>
  <system-out/>
  <testcase classname="testng8.HelloWorld3" name="printHelloWorld3_1" time="0.070"/>
  <system-out/>
  <testcase classname="testng8.HelloWorld3" name="createHelloWorld3_1" time="0.068"/>
  <system-out/>
</testsuite> <!-- testng8.HelloWorld3 -->
