<?xml version="1.0" encoding="UTF-8"?>
<!-- Generated by org.testng.reporters.JUnitReportReporter -->
<testsuite hostname="DESKTOP-RT4D28D" failures="0" tests="2" name="testng6.HelloWorld3" time="0.093" errors="0" timestamp="2020-11-13T08:21:39 GMT" skipped="0">
  <testcase classname="testng6.HelloWorld3" name="printHelloWorld3_1" time="0.008"/>
  <system-out/>
  <testcase classname="testng6.HelloWorld3" name="printHelloWorld3_2" time="0.085"/>
  <system-out/>
</testsuite> <!-- testng6.HelloWorld3 -->
