<?xml version="1.0" encoding="UTF-8"?>
<!-- Generated by org.testng.reporters.JUnitReportReporter -->
<testsuite hostname="DESKTOP-RT4D28D" failures="0" tests="5" name="testng11.ParallelTest1" time="5.335" errors="0" timestamp="2020-11-14T17:50:41 GMT" skipped="0">
  <testcase classname="testng11.ParallelTest1" name="test3" time="1.053"/>
  <system-out/>
  <testcase classname="testng11.ParallelTest1" name="test5" time="1.049"/>
  <system-out/>
  <testcase classname="testng11.ParallelTest1" name="test1" time="1.104"/>
  <system-out/>
  <testcase classname="testng11.ParallelTest1" name="test4" time="1.036"/>
  <system-out/>
  <testcase classname="testng11.ParallelTest1" name="test2" time="1.093"/>
  <system-out/>
</testsuite> <!-- testng11.ParallelTest1 -->
