<?xml version="1.0" encoding="UTF-8"?>
<!-- Generated by org.testng.reporters.JUnitReportReporter -->
<testsuite hostname="DESKTOP-RT4D28D" failures="0" tests="3" name="testng9.PrintParams2" time="0.103" errors="0" timestamp="2020-11-14T01:24:47 GMT" skipped="0">
  <testcase classname="testng9.PrintParams2" name="pParams2" time="0.068"/>
  <system-out/>
  <testcase classname="testng9.PrintParams2" name="pParams2" time="0.025"/>
  <system-out/>
  <testcase classname="testng9.PrintParams2" name="pParams2" time="0.010"/>
  <system-out/>
</testsuite> <!-- testng9.PrintParams2 -->
