<?xml version="1.0" encoding="UTF-8"?>
<!-- Generated by org.testng.reporters.JUnitReportReporter -->
<testsuite hostname="DESKTOP-RT4D28D" failures="0" tests="2" name="testng2.HelloWorld3" time="0.032" errors="0" timestamp="2020-11-13T08:30:54 GMT" skipped="0">
  <testcase classname="testng2.HelloWorld3" name="printHelloWorld3_2" time="0.019"/>
  <system-out/>
  <testcase classname="testng2.HelloWorld3" name="printHelloWorld3_1" time="0.013"/>
  <system-out/>
</testsuite> <!-- testng2.HelloWorld3 -->
