<?xml version="1.0" encoding="UTF-8"?>
<!-- Generated by org.testng.reporters.JUnitReportReporter -->
<testsuite hostname="DESKTOP-RT4D28D" failures="0" tests="1" name="testng3.HelloWorld2" time="0.013" errors="0" timestamp="2020-11-13T00:46:19 GMT" skipped="0">
  <testcase classname="testng3.HelloWorld2" name="createHelloWorld2_1" time="0.013"/>
  <system-out/>
</testsuite> <!-- testng3.HelloWorld2 -->
